51971506

https://boards.4chan.org/g/thread/51971506/the-g-wiki

124205675
Welcome to /pol/ - Politically(...)
https://boards.4chan.org/pol/thread/124205675/welcome-to-pol-politically-incorrect

143684145

https://boards.4chan.org/pol/thread/143684145/check-the-catalog-before-posting-a-new-thread

230645545
/CEFG/ - Canadian Federal Elec(...)
https://boards.4chan.org/pol/thread/230645545/cefg-canadian-federal-election-general-go-time

483556094

https://boards.4chan.org/v/thread/483556094/you-ready

483690779
Blizzcon Thread
https://boards.4chan.org/v/thread/483690779/blizzcon-thread

232334437
HAPPENING: Plane hijacked in A(...)
https://boards.4chan.org/pol/thread/232334437/happening-plane-hijacked-in-amsterdam

233043367
Trump's impeachment
https://boards.4chan.org/pol/thread/233043367/trumps-impeachment

233047285
Day 1 of Public Impeachment He(...)
https://boards.4chan.org/pol/thread/233047285/day-1-of-public-impeachment-hearings

233259196
LIVE IMPEACHMENT HEARING THREA(...)
https://boards.4chan.org/pol/thread/233259196/live-impeachment-hearing-thread

485814890
HALF LIFE 3 JUST GOT ANNOUNCED(...)
https://boards.4chan.org/v/thread/485814890/half-life-3-just-got-announced

233655102
LIVE IMPEACHMENT HEARING THREA(...)
https://boards.4chan.org/pol/thread/233655102/live-impeachment-hearing-thread-day-3

233770899
LIVE IMPEACHMENT HEARING THREA(...)
https://boards.4chan.org/pol/thread/233770899/live-impeachment-hearing-thread-day-4

233814375
LIVE IMPEACHMENT HEARING THREA(...)
https://boards.4chan.org/pol/thread/233814375/live-impeachment-hearing-thread-day-4

233831063
Fifth Democratic Party Preside(...)
https://boards.4chan.org/pol/thread/233831063/fifth-democratic-party-presidential-debate

233883005
Watch LIVE:
https://boards.4chan.org/pol/thread/233883005/watch-live

486153137

https://boards.4chan.org/v/thread/486153137/its-here

235638157
IMPEACHMENT HEARINGS LIVE
https://boards.4chan.org/pol/thread/235638157/impeachment-hearings-live

235656657
HAPPENING - FISA REPORT RELEAS(...)
https://boards.4chan.org/pol/thread/235656657/happening-fisa-report-released

235997185
UK General Election 2019
https://boards.4chan.org/pol/thread/235997185/uk-general-election-2019

236582743
HOUSE IMPEACHMENT VOTE THREAD (...)
https://boards.4chan.org/pol/thread/236582743/house-impeachment-vote-thread-2

236766545
Sixth Democratic Debate
https://boards.4chan.org/pol/thread/236766545/sixth-democratic-debate

490867471
International Wrestling Festiv(...)
https://boards.4chan.org/v/thread/490867471/international-wrestling-festival-2019

74273086
CES starts today
https://boards.4chan.org/g/thread/74273086/ces-starts-today

238769021
HAPPENING
https://boards.4chan.org/pol/thread/238769021/happening

238893460
HAPPENING
https://boards.4chan.org/pol/thread/238893460/happening

239626253
Seventh Democratic Party Prima(...)
https://boards.4chan.org/pol/thread/239626253/seventh-democratic-party-primary-debate

492788762
Super Smash Bros. Ultimate – M(...)
https://boards.4chan.org/v/thread/492788762/super-smash-bros-ultimate-mr-sakurai-presents

240201152
/vsg/ Virginia Spring General
https://boards.4chan.org/pol/thread/240201152/vsg-virginia-spring-general

240808485
Official Coronavirus General /(...)
https://boards.4chan.org/pol/thread/240808485/official-coronavirus-general-cvg-recap-edition

240849756
Official CoronaVirus General -(...)
https://boards.4chan.org/pol/thread/240849756/official-coronavirus-general-cvg

240934625
Corona Virus General /CVG/ - T(...)
https://boards.4chan.org/pol/thread/240934625/corona-virus-general-cvg-thread-105-johnny-carson

241799960

https://boards.4chan.org/pol/thread/241799960

242375639
BUTTIGIEG WINS
https://boards.4chan.org/pol/thread/242375639/buttigieg-wins

242403875
State of the Union Address 202(...)
https://boards.4chan.org/pol/thread/242403875/state-of-the-union-address-2020

